<?xml version="1.0" encoding="UTF-8"?>
<coverage generated="1742526741923" clover="3.2.0">
  <project timestamp="1742526741923" name="All files">
    <metrics statements="40" coveredstatements="40" conditionals="15" coveredconditionals="15" methods="1" coveredmethods="1" elements="56" coveredelements="56" complexity="0" loc="40" ncloc="40" packages="1" files="1" classes="1"/>
    <file name="t.js" path="C:\Users\18350\Desktop\leet-code\t.js">
      <metrics statements="40" coveredstatements="40" conditionals="15" coveredconditionals="15" methods="1" coveredmethods="1"/>
      <line num="1" count="1" type="stmt"/>
      <line num="2" count="1" type="stmt"/>
      <line num="3" count="1" type="stmt"/>
      <line num="4" count="1" type="stmt"/>
      <line num="5" count="1" type="cond" truecount="1" falsecount="0"/>
      <line num="6" count="5" type="stmt"/>
      <line num="7" count="5" type="stmt"/>
      <line num="8" count="5" type="stmt"/>
      <line num="9" count="5" type="cond" truecount="1" falsecount="0"/>
      <line num="10" count="5" type="stmt"/>
      <line num="11" count="5" type="cond" truecount="1" falsecount="0"/>
      <line num="12" count="15" type="stmt"/>
      <line num="13" count="15" type="cond" truecount="2" falsecount="0"/>
      <line num="14" count="13" type="stmt"/>
      <line num="15" count="15" type="cond" truecount="3" falsecount="0"/>
      <line num="16" count="8" type="stmt"/>
      <line num="17" count="8" type="stmt"/>
      <line num="18" count="8" type="stmt"/>
      <line num="19" count="15" type="cond" truecount="1" falsecount="0"/>
      <line num="20" count="16" type="stmt"/>
      <line num="21" count="16" type="cond" truecount="1" falsecount="0"/>
      <line num="22" count="5" type="stmt"/>
      <line num="23" count="5" type="stmt"/>
      <line num="24" count="5" type="stmt"/>
      <line num="25" count="5" type="stmt"/>
      <line num="26" count="5" type="stmt"/>
      <line num="27" count="5" type="cond" truecount="1" falsecount="0"/>
      <line num="28" count="5" type="cond" truecount="1" falsecount="0"/>
      <line num="29" count="16" type="cond" truecount="2" falsecount="0"/>
      <line num="30" count="6" type="stmt"/>
      <line num="31" count="11" type="cond" truecount="1" falsecount="0"/>
      <line num="32" count="5" type="stmt"/>
      <line num="33" count="5" type="stmt"/>
      <line num="34" count="16" type="stmt"/>
      <line num="35" count="15" type="stmt"/>
      <line num="36" count="5" type="stmt"/>
      <line num="37" count="5" type="stmt"/>
      <line num="38" count="1" type="stmt"/>
      <line num="39" count="1" type="stmt"/>
      <line num="40" count="1" type="stmt"/>
    </file>
  </project>
</coverage>
