{"C:\\Users\\18350\\Desktop\\leet-code\\t.js": {"path":"C:\\Users\\18350\\Desktop\\leet-code\\t.js","all":false,"statementMap":{"0":{"start":{"line":1,"column":0},"end":{"line":1,"column":3}},"1":{"start":{"line":2,"column":0},"end":{"line":2,"column":25}},"2":{"start":{"line":3,"column":0},"end":{"line":3,"column":23}},"3":{"start":{"line":4,"column":0},"end":{"line":4,"column":3}},"4":{"start":{"line":5,"column":0},"end":{"line":5,"column":32}},"5":{"start":{"line":6,"column":0},"end":{"line":6,"column":9}},"6":{"start":{"line":7,"column":0},"end":{"line":7,"column":20}},"7":{"start":{"line":8,"column":0},"end":{"line":8,"column":7}},"8":{"start":{"line":9,"column":0},"end":{"line":9,"column":29}},"9":{"start":{"line":10,"column":0},"end":{"line":10,"column":20}},"10":{"start":{"line":11,"column":0},"end":{"line":11,"column":45}},"11":{"start":{"line":12,"column":0},"end":{"line":12,"column":21}},"12":{"start":{"line":13,"column":0},"end":{"line":13,"column":27}},"13":{"start":{"line":14,"column":0},"end":{"line":14,"column":23}},"14":{"start":{"line":15,"column":0},"end":{"line":15,"column":51}},"15":{"start":{"line":16,"column":0},"end":{"line":16,"column":10}},"16":{"start":{"line":17,"column":0},"end":{"line":17,"column":21}},"17":{"start":{"line":18,"column":0},"end":{"line":18,"column":32}},"18":{"start":{"line":19,"column":0},"end":{"line":19,"column":26}},"19":{"start":{"line":20,"column":0},"end":{"line":20,"column":53}},"20":{"start":{"line":21,"column":0},"end":{"line":21,"column":22}},"21":{"start":{"line":22,"column":0},"end":{"line":22,"column":56}},"22":{"start":{"line":23,"column":0},"end":{"line":23,"column":15}},"23":{"start":{"line":24,"column":0},"end":{"line":24,"column":15}},"24":{"start":{"line":25,"column":0},"end":{"line":25,"column":16}},"25":{"start":{"line":26,"column":0},"end":{"line":26,"column":16}},"26":{"start":{"line":27,"column":0},"end":{"line":27,"column":53}},"27":{"start":{"line":28,"column":0},"end":{"line":28,"column":56}},"28":{"start":{"line":29,"column":0},"end":{"line":29,"column":27}},"29":{"start":{"line":30,"column":0},"end":{"line":30,"column":15}},"30":{"start":{"line":31,"column":0},"end":{"line":31,"column":14}},"31":{"start":{"line":32,"column":0},"end":{"line":32,"column":16}},"32":{"start":{"line":33,"column":0},"end":{"line":33,"column":7}},"33":{"start":{"line":34,"column":0},"end":{"line":34,"column":5}},"34":{"start":{"line":35,"column":0},"end":{"line":35,"column":3}},"35":{"start":{"line":36,"column":0},"end":{"line":36,"column":16}},"36":{"start":{"line":37,"column":0},"end":{"line":37,"column":2}},"37":{"start":{"line":38,"column":0},"end":{"line":38,"column":26}},"38":{"start":{"line":39,"column":0},"end":{"line":39,"column":44}},"39":{"start":{"line":40,"column":0},"end":{"line":40,"column":20}}},"s":{"0":1,"1":1,"2":1,"3":1,"4":1,"5":5,"6":5,"7":5,"8":5,"9":5,"10":5,"11":15,"12":15,"13":13,"14":15,"15":8,"16":8,"17":8,"18":15,"19":16,"20":16,"21":5,"22":5,"23":5,"24":5,"25":5,"26":5,"27":5,"28":16,"29":6,"30":11,"31":5,"32":5,"33":16,"34":15,"35":5,"36":5,"37":1,"38":1,"39":1},"branchMap":{"0":{"type":"branch","line":5,"loc":{"start":{"line":5,"column":15},"end":{"line":37,"column":2}},"locations":[{"start":{"line":5,"column":15},"end":{"line":37,"column":2}}]},"1":{"type":"branch","line":11,"loc":{"start":{"line":11,"column":44},"end":{"line":35,"column":3}},"locations":[{"start":{"line":11,"column":44},"end":{"line":35,"column":3}}]},"2":{"type":"branch","line":13,"loc":{"start":{"line":13,"column":21},"end":{"line":13,"column":27}},"locations":[{"start":{"line":13,"column":21},"end":{"line":13,"column":27}}]},"3":{"type":"branch","line":13,"loc":{"start":{"line":13,"column":21},"end":{"line":15,"column":17}},"locations":[{"start":{"line":13,"column":21},"end":{"line":15,"column":17}}]},"4":{"type":"branch","line":15,"loc":{"start":{"line":15,"column":13},"end":{"line":15,"column":40}},"locations":[{"start":{"line":15,"column":13},"end":{"line":15,"column":40}}]},"5":{"type":"branch","line":15,"loc":{"start":{"line":15,"column":42},"end":{"line":15,"column":51}},"locations":[{"start":{"line":15,"column":42},"end":{"line":15,"column":51}}]},"6":{"type":"branch","line":15,"loc":{"start":{"line":15,"column":42},"end":{"line":19,"column":25}},"locations":[{"start":{"line":15,"column":42},"end":{"line":19,"column":25}}]},"7":{"type":"branch","line":19,"loc":{"start":{"line":19,"column":25},"end":{"line":34,"column":5}},"locations":[{"start":{"line":19,"column":25},"end":{"line":34,"column":5}}]},"8":{"type":"branch","line":21,"loc":{"start":{"line":21,"column":21},"end":{"line":29,"column":7}},"locations":[{"start":{"line":21,"column":21},"end":{"line":29,"column":7}}]},"9":{"type":"branch","line":27,"loc":{"start":{"line":27,"column":46},"end":{"line":27,"column":53}},"locations":[{"start":{"line":27,"column":46},"end":{"line":27,"column":53}}]},"10":{"type":"branch","line":28,"loc":{"start":{"line":28,"column":48},"end":{"line":28,"column":56}},"locations":[{"start":{"line":28,"column":48},"end":{"line":28,"column":56}}]},"11":{"type":"branch","line":29,"loc":{"start":{"line":29,"column":7},"end":{"line":33,"column":7}},"locations":[{"start":{"line":29,"column":7},"end":{"line":33,"column":7}}]},"12":{"type":"branch","line":29,"loc":{"start":{"line":29,"column":26},"end":{"line":31,"column":7}},"locations":[{"start":{"line":29,"column":26},"end":{"line":31,"column":7}}]},"13":{"type":"branch","line":31,"loc":{"start":{"line":31,"column":7},"end":{"line":33,"column":7}},"locations":[{"start":{"line":31,"column":7},"end":{"line":33,"column":7}}]},"14":{"type":"branch","line":9,"loc":{"start":{"line":9,"column":12},"end":{"line":9,"column":27}},"locations":[{"start":{"line":9,"column":12},"end":{"line":9,"column":27}}]}},"b":{"0":[5],"1":[15],"2":[2],"3":[13],"4":[9],"5":[5],"6":[8],"7":[16],"8":[5],"9":[3],"10":[6],"11":[11],"12":[6],"13":[5],"14":[33]},"fnMap":{"0":{"name":"threeSum","decl":{"start":{"line":5,"column":15},"end":{"line":37,"column":2}},"loc":{"start":{"line":5,"column":15},"end":{"line":37,"column":2}},"line":5}},"f":{"0":5}}
}
