{"C:\\Users\\18350\\Desktop\\leet-code\\t.js": {"path":"C:\\Users\\18350\\Desktop\\leet-code\\t.js","all":false,"statementMap":{"0":{"start":{"line":1,"column":0},"end":{"line":1,"column":62}},"1":{"start":{"line":2,"column":0},"end":{"line":2,"column":21}},"2":{"start":{"line":3,"column":0},"end":{"line":3,"column":13}},"3":{"start":{"line":4,"column":0},"end":{"line":4,"column":46}},"4":{"start":{"line":5,"column":0},"end":{"line":5,"column":13}},"5":{"start":{"line":6,"column":0},"end":{"line":6,"column":36}},"6":{"start":{"line":7,"column":0},"end":{"line":7,"column":13}},"7":{"start":{"line":8,"column":0},"end":{"line":8,"column":37}},"8":{"start":{"line":9,"column":0},"end":{"line":9,"column":3}},"9":{"start":{"line":10,"column":0},"end":{"line":10,"column":2}},"10":{"start":{"line":11,"column":0},"end":{"line":11,"column":0}},"11":{"start":{"line":12,"column":0},"end":{"line":12,"column":41}},"12":{"start":{"line":13,"column":0},"end":{"line":13,"column":17}},"13":{"start":{"line":14,"column":0},"end":{"line":14,"column":26}},"14":{"start":{"line":15,"column":0},"end":{"line":15,"column":9}},"15":{"start":{"line":16,"column":0},"end":{"line":16,"column":24}},"16":{"start":{"line":17,"column":0},"end":{"line":17,"column":12}},"17":{"start":{"line":18,"column":0},"end":{"line":18,"column":49}},"18":{"start":{"line":19,"column":0},"end":{"line":19,"column":14}},"19":{"start":{"line":20,"column":0},"end":{"line":20,"column":5}},"20":{"start":{"line":21,"column":0},"end":{"line":21,"column":22}},"21":{"start":{"line":22,"column":0},"end":{"line":22,"column":27}},"22":{"start":{"line":23,"column":0},"end":{"line":23,"column":12}},"23":{"start":{"line":24,"column":0},"end":{"line":24,"column":48}},"24":{"start":{"line":25,"column":0},"end":{"line":25,"column":13}},"25":{"start":{"line":26,"column":0},"end":{"line":26,"column":5}},"26":{"start":{"line":27,"column":0},"end":{"line":27,"column":22}},"27":{"start":{"line":28,"column":0},"end":{"line":28,"column":27}},"28":{"start":{"line":29,"column":0},"end":{"line":29,"column":3}},"29":{"start":{"line":30,"column":0},"end":{"line":30,"column":16}},"30":{"start":{"line":31,"column":0},"end":{"line":31,"column":20}},"31":{"start":{"line":32,"column":0},"end":{"line":32,"column":14}},"32":{"start":{"line":33,"column":0},"end":{"line":33,"column":2}},"33":{"start":{"line":34,"column":0},"end":{"line":34,"column":0}},"34":{"start":{"line":35,"column":0},"end":{"line":35,"column":18}},"35":{"start":{"line":36,"column":0},"end":{"line":36,"column":12}},"36":{"start":{"line":37,"column":0},"end":{"line":37,"column":2}}},"s":{"0":1,"1":25,"2":10,"3":10,"4":10,"5":10,"6":10,"7":10,"8":10,"9":25,"10":1,"11":1,"12":10,"13":10,"14":10,"15":10,"16":14,"17":14,"18":14,"19":14,"20":14,"21":14,"22":14,"23":14,"24":8,"25":8,"26":14,"27":14,"28":14,"29":10,"30":10,"31":10,"32":10,"33":1,"34":1,"35":1,"36":1},"branchMap":{"0":{"type":"branch","line":1,"loc":{"start":{"line":1,"column":18},"end":{"line":10,"column":2}},"locations":[{"start":{"line":1,"column":18},"end":{"line":10,"column":2}}]},"1":{"type":"branch","line":2,"loc":{"start":{"line":2,"column":20},"end":{"line":9,"column":3}},"locations":[{"start":{"line":2,"column":20},"end":{"line":9,"column":3}}]},"2":{"type":"branch","line":12,"loc":{"start":{"line":12,"column":18},"end":{"line":33,"column":2}},"locations":[{"start":{"line":12,"column":18},"end":{"line":33,"column":2}}]},"3":{"type":"branch","line":16,"loc":{"start":{"line":16,"column":23},"end":{"line":29,"column":3}},"locations":[{"start":{"line":16,"column":23},"end":{"line":29,"column":3}}]},"4":{"type":"branch","line":18,"loc":{"start":{"line":18,"column":23},"end":{"line":18,"column":46}},"locations":[{"start":{"line":18,"column":23},"end":{"line":18,"column":46}}]},"5":{"type":"branch","line":24,"loc":{"start":{"line":24,"column":23},"end":{"line":24,"column":45}},"locations":[{"start":{"line":24,"column":23},"end":{"line":24,"column":45}}]},"6":{"type":"branch","line":24,"loc":{"start":{"line":24,"column":47},"end":{"line":26,"column":5}},"locations":[{"start":{"line":24,"column":47},"end":{"line":26,"column":5}}]}},"b":{"0":[25],"1":[10],"2":[10],"3":[14],"4":[21],"5":[12],"6":[8]},"fnMap":{"0":{"name":"quickSort","decl":{"start":{"line":1,"column":18},"end":{"line":10,"column":2}},"loc":{"start":{"line":1,"column":18},"end":{"line":10,"column":2}},"line":1},"1":{"name":"partition","decl":{"start":{"line":12,"column":18},"end":{"line":33,"column":2}},"loc":{"start":{"line":12,"column":18},"end":{"line":33,"column":2}},"line":12}},"f":{"0":25,"1":10}}
}
