TN:
SF:t.js
FN:5,threeSum
FNF:1
FNH:1
FNDA:5,threeSum
DA:1,1
DA:2,1
DA:3,1
DA:4,1
DA:5,1
DA:6,5
DA:7,5
DA:8,5
DA:9,5
DA:10,5
DA:11,5
DA:12,15
DA:13,15
DA:14,13
DA:15,15
DA:16,8
DA:17,8
DA:18,8
DA:19,15
DA:20,16
DA:21,16
DA:22,5
DA:23,5
DA:24,5
DA:25,5
DA:26,5
DA:27,5
DA:28,5
DA:29,16
DA:30,6
DA:31,11
DA:32,5
DA:33,5
DA:34,16
DA:35,15
DA:36,5
DA:37,5
DA:38,1
DA:39,1
DA:40,1
LF:40
LH:40
BRDA:5,0,0,5
BRDA:11,1,0,15
BRDA:13,2,0,2
BRDA:13,3,0,13
BRDA:15,4,0,9
BRDA:15,5,0,5
BRDA:15,6,0,8
BRDA:19,7,0,16
BRDA:21,8,0,5
BRDA:27,9,0,3
BRDA:28,10,0,6
BRDA:29,11,0,11
BRDA:29,12,0,6
BRDA:31,13,0,5
BRDA:9,14,0,33
BRF:15
BRH:15
end_of_record
