TN:
SF:t.js
FN:1,quickSort
FN:12,partition
FNF:2
FNH:2
FNDA:25,quickSort
FNDA:10,partition
DA:1,1
DA:2,25
DA:3,10
DA:4,10
DA:5,10
DA:6,10
DA:7,10
DA:8,10
DA:9,10
DA:10,25
DA:11,1
DA:12,1
DA:13,10
DA:14,10
DA:15,10
DA:16,10
DA:17,14
DA:18,14
DA:19,14
DA:20,14
DA:21,14
DA:22,14
DA:23,14
DA:24,14
DA:25,8
DA:26,8
DA:27,14
DA:28,14
DA:29,14
DA:30,10
DA:31,10
DA:32,10
DA:33,10
DA:34,1
DA:35,1
DA:36,1
DA:37,1
LF:37
LH:37
BRDA:1,0,0,25
BRDA:2,1,0,10
BRDA:12,2,0,10
BRDA:16,3,0,14
BRDA:18,4,0,21
BRDA:24,5,0,12
BRDA:24,6,0,8
BRF:7
BRH:7
end_of_record
